info: ::1 - - [29/Jan/2024:04:54:18 +0000] "POST /api/v1/ HTTP/1.1" 404 47 "-" "PostmanRuntime/7.36.1"

info: ::1 - - [29/Jan/2024:04:54:25 +0000] "POST /api/v1/users HTTP/1.1" 404 47 "-" "PostmanRuntime/7.36.1"

info: ::1 - - [29/Jan/2024:04:54:33 +0000] "POST /api/v1/users/ HTTP/1.1" 404 47 "-" "PostmanRuntime/7.36.1"

info: ::1 - - [29/Jan/2024:04:54:47 +0000] "POST /api/v1/users/signin HTTP/1.1" 200 260 "-" "PostmanRuntime/7.36.1"

info: ::1 - - [29/Jan/2024:05:01:29 +0000] "POST /api/v1/users/signin HTTP/1.1" 200 260 "-" "PostmanRuntime/7.36.1"

info: ::1 - - [29/Jan/2024:05:06:20 +0000] "POST /api/v1/users/signin HTTP/1.1" 200 60 "-" "PostmanRuntime/7.36.1"

info: ::1 - - [29/Jan/2024:05:07:52 +0000] "POST /api/v1/users/signin HTTP/1.1" 200 260 "-" "PostmanRuntime/7.36.1"

info: ::1 - - [29/Jan/2024:05:08:07 +0000] "POST /api/v1/users/signin HTTP/1.1" 500 54 "-" "PostmanRuntime/7.36.1"

info: ::1 - - [29/Jan/2024:05:08:21 +0000] "POST /api/v1/users/signin HTTP/1.1" 200 102 "-" "PostmanRuntime/7.36.1"

info: ::1 - - [29/Jan/2024:05:09:11 +0000] "POST /api/v1/users/signin HTTP/1.1" 200 260 "-" "PostmanRuntime/7.36.1"

info: ::1 - - [29/Jan/2024:05:12:21 +0000] "POST /api/v1/users/signin HTTP/1.1" 500 48 "-" "PostmanRuntime/7.36.1"

info: ::1 - - [29/Jan/2024:05:12:30 +0000] "POST /api/v1/users/signin HTTP/1.1" 500 51 "-" "PostmanRuntime/7.36.1"

info: ::1 - - [29/Jan/2024:05:12:35 +0000] "POST /api/v1/users/signin HTTP/1.1" 200 260 "-" "PostmanRuntime/7.36.1"

info: ::1 - - [29/Jan/2024:05:14:55 +0000] "POST /api/v1/users/signin HTTP/1.1" 200 43 "-" "PostmanRuntime/7.36.1"

info: ::1 - - [29/Jan/2024:05:15:20 +0000] "POST /api/v1/users/signin HTTP/1.1" 500 51 "-" "PostmanRuntime/7.36.1"

info: ::1 - - [29/Jan/2024:05:15:29 +0000] "POST /api/v1/users/signin HTTP/1.1" 500 48 "-" "PostmanRuntime/7.36.1"

info: ::1 - - [29/Jan/2024:05:39:41 +0000] "POST /api/v1/users/signin HTTP/1.1" 200 260 "-" "PostmanRuntime/7.36.1"

info: ::1 - - [29/Jan/2024:05:39:52 +0000] "POST /api/v1/users/signin HTTP/1.1" 500 48 "-" "PostmanRuntime/7.36.1"

info: ::1 - - [29/Jan/2024:05:40:35 +0000] "POST /api/v1/users/signin HTTP/1.1" 500 51 "-" "PostmanRuntime/7.36.1"

info: ::1 - - [29/Jan/2024:05:42:08 +0000] "POST /api/v1/users/signup HTTP/1.1" 500 48 "-" "PostmanRuntime/7.36.1"

info: ::1 - - [29/Jan/2024:05:42:33 +0000] "POST /api/v1/users//signup HTTP/1.1" 500 48 "-" "PostmanRuntime/7.36.1"

info: ::1 - - [29/Jan/2024:05:43:47 +0000] "POST /api/v1/users//signup HTTP/1.1" 201 268 "-" "PostmanRuntime/7.36.1"

info: ::1 - - [29/Jan/2024:05:43:54 +0000] "POST /api/v1/users//signup HTTP/1.1" 201 268 "-" "PostmanRuntime/7.36.1"

info: ::1 - - [29/Jan/2024:07:23:50 +0000] "POST /api/v1/users//signup HTTP/1.1" 201 268 "-" "PostmanRuntime/7.36.1"

info: ::1 - - [29/Jan/2024:07:24:06 +0000] "POST /api/v1/users//signup HTTP/1.1" 201 268 "-" "PostmanRuntime/7.36.1"

info: ::1 - - [29/Jan/2024:07:30:35 +0000] "POST /api/v1/users//signup HTTP/1.1" 201 268 "-" "PostmanRuntime/7.36.1"

info: ::1 - - [29/Jan/2024:07:30:46 +0000] "POST /api/v1/users//signup HTTP/1.1" 201 268 "-" "PostmanRuntime/7.36.1"

info: ::1 - - [29/Jan/2024:07:32:51 +0000] "POST /api/v1/users//signup HTTP/1.1" 201 268 "-" "PostmanRuntime/7.36.1"

info: ::1 - - [29/Jan/2024:07:32:57 +0000] "POST /api/v1/users//signup HTTP/1.1" 500 54 "-" "PostmanRuntime/7.36.1"

info: ::1 - - [29/Jan/2024:07:35:45 +0000] "POST /api/v1/users//signup HTTP/1.1" 500 70 "-" "PostmanRuntime/7.36.1"

info: ::1 - - [29/Jan/2024:07:38:10 +0000] "POST /api/v1/users//signup HTTP/1.1" 500 70 "-" "PostmanRuntime/7.36.1"

info: ::1 - - [29/Jan/2024:07:38:23 +0000] "POST /api/v1/users//signup HTTP/1.1" 201 269 "-" "PostmanRuntime/7.36.1"

info: ::1 - - [29/Jan/2024:09:31:44 +0000] "POST /api/v1/users//signup HTTP/1.1" 500 56 "-" "PostmanRuntime/7.36.1"

info: ::1 - - [29/Jan/2024:09:48:45 +0000] "POST /api/v1/users//signup HTTP/1.1" 500 74 "-" "PostmanRuntime/7.36.1"

info: ::1 - - [29/Jan/2024:09:53:02 +0000] "POST /api/v1/users//signup HTTP/1.1" 201 317 "-" "PostmanRuntime/7.36.1"

info: ::1 - - [29/Jan/2024:09:54:12 +0000] "POST /api/v1/users//signup HTTP/1.1" 500 70 "-" "PostmanRuntime/7.36.1"

info: ::1 - - [29/Jan/2024:09:54:22 +0000] "POST /api/v1/users//signup HTTP/1.1" 201 324 "-" "PostmanRuntime/7.36.1"

info: ::1 - - [29/Jan/2024:09:56:09 +0000] "POST /api/v1/users//signin HTTP/1.1" 500 51 "-" "PostmanRuntime/7.36.1"

info: ::1 - - [29/Jan/2024:09:56:32 +0000] "POST /api/v1/users//signin HTTP/1.1" 500 51 "-" "PostmanRuntime/7.36.1"

info: ::1 - - [29/Jan/2024:09:56:39 +0000] "POST /api/v1/users//signin HTTP/1.1" 200 260 "-" "PostmanRuntime/7.36.1"

info: ::1 - - [29/Jan/2024:09:57:20 +0000] "POST /api/v1/users//signup HTTP/1.1" 201 322 "-" "PostmanRuntime/7.36.1"

info: ::1 - - [29/Jan/2024:09:57:34 +0000] "POST /api/v1/users//signup HTTP/1.1" 500 70 "-" "PostmanRuntime/7.36.1"

info: ::1 - - [29/Jan/2024:09:57:38 +0000] "POST /api/v1/users//signin HTTP/1.1" 500 51 "-" "PostmanRuntime/7.36.1"

info: ::1 - - [29/Jan/2024:09:58:03 +0000] "POST /api/v1/users//signin HTTP/1.1" 200 315 "-" "PostmanRuntime/7.36.1"

info: ::1 - - [29/Jan/2024:10:04:30 +0000] "POST /api/v1/users/signin HTTP/1.1" 500 51 "-" "PostmanRuntime/7.36.1"

info: ::1 - - [29/Jan/2024:10:04:37 +0000] "POST /api/v1/users/signin HTTP/1.1" 200 260 "-" "PostmanRuntime/7.36.1"

info: ::1 - - [29/Jan/2024:10:04:59 +0000] "POST /api/v1/users/signin HTTP/1.1" 500 51 "-" "PostmanRuntime/7.36.1"

info: ::1 - - [29/Jan/2024:10:14:10 +0000] "POST /api/v1/users/signin HTTP/1.1" 500 54 "-" "PostmanRuntime/7.36.1"

info: ::1 - - [29/Jan/2024:10:15:07 +0000] "POST /api/v1/users/signin HTTP/1.1" 500 54 "-" "PostmanRuntime/7.36.1"

info: ::1 - - [29/Jan/2024:10:15:20 +0000] "POST /api/v1/users/signin HTTP/1.1" 500 48 "-" "PostmanRuntime/7.36.1"

info: ::1 - - [29/Jan/2024:10:15:39 +0000] "POST /api/v1/users/signin HTTP/1.1" 500 54 "-" "PostmanRuntime/7.36.1"

info: ::1 - - [29/Jan/2024:10:16:12 +0000] "POST /api/v1/users/signin HTTP/1.1" 500 54 "-" "PostmanRuntime/7.36.1"

info: ::1 - - [29/Jan/2024:10:17:33 +0000] "POST /api/v1/users/signin HTTP/1.1" 500 64 "-" "PostmanRuntime/7.36.1"

info: ::1 - - [29/Jan/2024:10:20:51 +0000] "POST /api/v1/users/signin HTTP/1.1" 500 64 "-" "PostmanRuntime/7.36.1"

info: ::1 - - [29/Jan/2024:10:21:17 +0000] "POST /api/v1/users/signin HTTP/1.1" 500 64 "-" "PostmanRuntime/7.36.1"

info: ::1 - - [29/Jan/2024:10:21:46 +0000] "POST /api/v1/users/signin HTTP/1.1" 500 64 "-" "PostmanRuntime/7.36.1"

info: ::1 - - [29/Jan/2024:10:22:48 +0000] "POST /api/v1/users/signin HTTP/1.1" 500 64 "-" "PostmanRuntime/7.36.1"

info: ::1 - - [29/Jan/2024:10:25:11 +0000] "POST /api/v1/users/signin HTTP/1.1" 500 51 "-" "PostmanRuntime/7.36.1"

info: ::1 - - [29/Jan/2024:10:30:15 +0000] "POST /api/v1/users/signin HTTP/1.1" 500 60 "-" "PostmanRuntime/7.36.1"

info: ::1 - - [29/Jan/2024:10:32:22 +0000] "POST /api/v1/users/signin HTTP/1.1" 500 67 "-" "PostmanRuntime/7.36.1"

info: ::1 - - [29/Jan/2024:10:36:59 +0000] "POST /api/v1/users/signin HTTP/1.1" 500 51 "-" "PostmanRuntime/7.36.1"

info: ::1 - - [29/Jan/2024:10:40:13 +0000] "POST /api/v1/users/signup HTTP/1.1" 201 318 "-" "PostmanRuntime/7.36.1"

info: ::1 - - [29/Jan/2024:10:41:20 +0000] "POST /api/v1/users//signin HTTP/1.1" 500 60 "-" "PostmanRuntime/7.36.1"

info: ::1 - - [29/Jan/2024:10:42:21 +0000] "POST /api/v1/users//signin HTTP/1.1" 200 43 "-" "PostmanRuntime/7.36.1"

info: ::1 - - [29/Jan/2024:10:43:23 +0000] "POST /api/v1/users/signup HTTP/1.1" 201 322 "-" "PostmanRuntime/7.36.1"

info: ::1 - - [29/Jan/2024:10:43:47 +0000] "POST /api/v1/users//signin HTTP/1.1" 200 43 "-" "PostmanRuntime/7.36.1"

info: ::1 - - [29/Jan/2024:10:44:48 +0000] "POST /api/v1/users//signin HTTP/1.1" 200 100 "-" "PostmanRuntime/7.36.1"

info: ::1 - - [29/Jan/2024:10:45:56 +0000] "POST /api/v1/users//signin HTTP/1.1" 200 315 "-" "PostmanRuntime/7.36.1"

info: ::1 - - [29/Jan/2024:10:51:19 +0000] "POST /api/v1/users//signin HTTP/1.1" 200 315 "-" "PostmanRuntime/7.36.1"

info: ::1 - - [29/Jan/2024:10:59:41 +0000] "POST /api/v1/users//signin HTTP/1.1" 500 48 "-" "PostmanRuntime/7.36.1"

info: ::1 - - [29/Jan/2024:10:59:53 +0000] "POST /api/v1/users//signin HTTP/1.1" 500 51 "-" "PostmanRuntime/7.36.1"

info: ::1 - - [29/Jan/2024:11:00:41 +0000] "POST /api/v1/users//signin HTTP/1.1" 200 311 "-" "PostmanRuntime/7.36.1"

info: ::1 - - [29/Jan/2024:11:25:16 +0000] "GET /LOxQBc4Imxs97U.AbfQDGuq HTTP/1.1" 404 47 "-" "Mozilla/5.0 (Windows NT 10.0; Win64; x64) AppleWebKit/537.36 (KHTML, like Gecko) Chrome/120.0.0.0 Safari/537.36"

info: ::1 - - [29/Jan/2024:11:25:16 +0000] "GET /favicon.ico HTTP/1.1" 404 47 "-" "Mozilla/5.0 (Windows NT 10.0; Win64; x64) AppleWebKit/537.36 (KHTML, like Gecko) Chrome/120.0.0.0 Safari/537.36"

info: ::1 - - [29/Jan/2024:11:25:18 +0000] "GET /LOxQBc4Imxs97U.AbfQDGuq HTTP/1.1" 404 47 "-" "Mozilla/5.0 (Windows NT 10.0; Win64; x64) AppleWebKit/537.36 (KHTML, like Gecko) Chrome/120.0.0.0 Safari/537.36"

