info: ::1 - - [30/Jan/2024:05:13:15 +0000] "POST /user/signin HTTP/1.1" 404 47 "-" "PostmanRuntime/7.36.1"

info: ::1 - - [30/Jan/2024:05:13:37 +0000] "POST /users/signin HTTP/1.1" 404 47 "-" "PostmanRuntime/7.36.1"

info: ::1 - - [30/Jan/2024:05:14:03 +0000] "POST /users/signin HTTP/1.1" 404 47 "-" "PostmanRuntime/7.36.1"

info: ::1 - - [30/Jan/2024:05:14:05 +0000] "POST /users/signin HTTP/1.1" 404 47 "-" "PostmanRuntime/7.36.1"

info: ::1 - - [30/Jan/2024:05:14:12 +0000] "POST /users//signin HTTP/1.1" 404 47 "-" "PostmanRuntime/7.36.1"

info: ::1 - - [30/Jan/2024:05:14:37 +0000] "POST /api/v1/users/signin HTTP/1.1" 500 48 "-" "PostmanRuntime/7.36.1"

info: ::1 - - [30/Jan/2024:05:14:57 +0000] "POST /api/v1/users/signin HTTP/1.1" 500 48 "-" "PostmanRuntime/7.36.1"

info: ::1 - - [30/Jan/2024:05:16:28 +0000] "POST /api/v1/users/signin HTTP/1.1" 500 48 "-" "PostmanRuntime/7.36.1"

info: ::1 - - [30/Jan/2024:05:16:54 +0000] "POST /api/v1/users/signin HTTP/1.1" 500 48 "-" "PostmanRuntime/7.36.1"

info: ::1 - - [30/Jan/2024:05:17:27 +0000] "POST /api/v1/users/signin HTTP/1.1" 500 48 "-" "PostmanRuntime/7.36.1"

info: ::1 - - [30/Jan/2024:05:18:01 +0000] "POST /api/v1/users/signin HTTP/1.1" 500 48 "-" "PostmanRuntime/7.36.1"

info: ::1 - - [30/Jan/2024:05:18:56 +0000] "POST /api/v1/users/signin HTTP/1.1" 500 48 "-" "PostmanRuntime/7.36.1"

info: ::1 - - [30/Jan/2024:05:20:34 +0000] "POST /api/v1/users/signin HTTP/1.1" 500 58 "-" "PostmanRuntime/7.36.1"

info: ::1 - - [30/Jan/2024:05:20:54 +0000] "POST /api/v1/users/signin HTTP/1.1" 500 58 "-" "PostmanRuntime/7.36.1"

info: ::1 - - [30/Jan/2024:05:21:33 +0000] "POST /api/v1/users/signin HTTP/1.1" 500 51 "-" "PostmanRuntime/7.36.1"

info: ::1 - - [30/Jan/2024:05:22:20 +0000] "POST /api/v1/users/signup HTTP/1.1" 201 318 "-" "PostmanRuntime/7.36.1"

info: ::1 - - [30/Jan/2024:05:22:31 +0000] "POST /api/v1/users/signin HTTP/1.1" 200 207 "-" "PostmanRuntime/7.36.1"

info: ::1 - - [30/Jan/2024:06:12:17 +0000] "POST /api/v1/users/signin HTTP/1.1" 200 207 "-" "PostmanRuntime/7.36.1"

info: ::1 - - [30/Jan/2024:06:12:23 +0000] "POST /api/v1/users/signin HTTP/1.1" 500 48 "-" "PostmanRuntime/7.36.1"

info: ::1 - - [30/Jan/2024:06:12:29 +0000] "POST /api/v1/users/signin HTTP/1.1" 200 207 "-" "PostmanRuntime/7.36.1"

info: ::1 - - [30/Jan/2024:06:12:42 +0000] "POST /api/v1/users/signin HTTP/1.1" 500 71 "-" "PostmanRuntime/7.36.1"

info: ::1 - - [30/Jan/2024:06:39:31 +0000] "POST /api/v1/users/signin HTTP/1.1" 200 207 "-" "PostmanRuntime/7.36.1"

info: ::1 - - [30/Jan/2024:06:40:38 +0000] "POST /api/v1/users/signin HTTP/1.1" 200 207 "-" "PostmanRuntime/7.36.1"

info: ::1 - - [30/Jan/2024:06:41:37 +0000] "POST /api/v1/users/signin HTTP/1.1" 200 207 "-" "PostmanRuntime/7.36.1"

info: ::1 - - [30/Jan/2024:07:47:43 +0000] "POST /api/v1/users/signin HTTP/1.1" 200 207 "-" "-"

info: ::1 - - [30/Jan/2024:07:47:46 +0000] "POST /api/v1/users/signin HTTP/1.1" 200 207 "-" "-"

info: ::1 - - [30/Jan/2024:07:48:26 +0000] "POST /api/v1/users/signin HTTP/1.1" 500 51 "-" "-"

info: ::1 - - [30/Jan/2024:07:48:35 +0000] "POST /api/v1/users/signin HTTP/1.1" 200 207 "-" "-"

info: ::1 - - [30/Jan/2024:07:52:29 +0000] "POST /api/v1//notes HTTP/1.1" 404 47 "-" "-"

info: ::1 - - [30/Jan/2024:07:53:35 +0000] "POST /api/v1/notes HTTP/1.1" 404 47 "-" "-"

info: ::1 - - [30/Jan/2024:07:54:48 +0000] "POST /api/v1/notes HTTP/1.1" 400 56 "-" "-"

info: ::1 - - [30/Jan/2024:08:03:49 +0000] "POST /api/v1/notes HTTP/1.1" 400 56 "-" "-"

info: ::1 - - [30/Jan/2024:08:05:26 +0000] "POST /api/v1/users/signin HTTP/1.1" 500 48 "-" "PostmanRuntime/7.36.1"

info: ::1 - - [30/Jan/2024:08:06:24 +0000] "POST /api/v1/users/signin HTTP/1.1" 200 207 "-" "-"

info: ::1 - - [30/Jan/2024:08:07:11 +0000] "POST /api/v1/users/signin HTTP/1.1" 500 48 "-" "-"

info: ::1 - - [30/Jan/2024:08:07:29 +0000] "POST /api/v1/notes HTTP/1.1" 500 89 "-" "-"

info: ::1 - - [30/Jan/2024:08:07:55 +0000] "POST /api/v1/notes HTTP/1.1" 500 54 "-" "-"

info: ::1 - - [30/Jan/2024:08:08:54 +0000] "POST /api/v1/notes HTTP/1.1" 201 307 "-" "-"

info: ::1 - - [30/Jan/2024:09:08:18 +0000] "GET /api/v1/notes HTTP/1.1" 201 308 "-" "-"

info: ::1 - - [30/Jan/2024:09:14:34 +0000] "PUT /api/v1/notes HTTP/1.1" 500 61 "-" "-"

info: ::1 - - [30/Jan/2024:09:16:17 +0000] "PUT /api/v1/notes HTTP/1.1" 500 140 "-" "-"

info: ::1 - - [30/Jan/2024:09:16:19 +0000] "PUT /api/v1/notes HTTP/1.1" 500 140 "-" "-"

info: ::1 - - [30/Jan/2024:09:21:06 +0000] "PUT /api/v1/notes HTTP/1.1" 500 140 "-" "-"

info: ::1 - - [30/Jan/2024:09:24:03 +0000] "PUT /api/v1/notes HTTP/1.1" 500 261 "-" "-"

info: ::1 - - [30/Jan/2024:09:24:49 +0000] "PUT /api/v1/notes HTTP/1.1" 500 261 "-" "-"

info: ::1 - - [30/Jan/2024:09:28:39 +0000] "PUT /api/v1/notes/65b8ae9612b17c39dc9c4ce9 HTTP/1.1" 500 261 "-" "-"

info: ::1 - - [30/Jan/2024:09:34:00 +0000] "PUT /api/v1/notes/65b8ae9612b17c39dc9c4ce9 HTTP/1.1" 500 261 "-" "-"

info: ::1 - - [30/Jan/2024:09:34:09 +0000] "PUT /api/v1/notes/ HTTP/1.1" 404 47 "-" "-"

info: ::1 - - [30/Jan/2024:09:34:15 +0000] "PUT /api/v1/notes HTTP/1.1" 404 47 "-" "-"

info: ::1 - - [30/Jan/2024:09:34:18 +0000] "PUT /api/v1/notes HTTP/1.1" 404 47 "-" "-"

info: ::1 - - [30/Jan/2024:09:34:51 +0000] "PUT /api/v1/notes/ HTTP/1.1" 500 261 "-" "-"

info: ::1 - - [30/Jan/2024:09:37:34 +0000] "PUT /api/v1/notes HTTP/1.1" 202 62 "-" "-"

info: ::1 - - [30/Jan/2024:09:38:48 +0000] "PUT /api/v1/notes HTTP/1.1" 202 62 "-" "-"

info: ::1 - - [30/Jan/2024:09:39:18 +0000] "PUT /api/v1/notes HTTP/1.1" 500 261 "-" "-"

info: ::1 - - [30/Jan/2024:09:40:02 +0000] "PUT /api/v1/notes HTTP/1.1" 202 62 "-" "-"

info: ::1 - - [30/Jan/2024:09:41:01 +0000] "PUT /api/v1/notes HTTP/1.1" 202 62 "-" "-"

info: ::1 - - [30/Jan/2024:09:41:29 +0000] "PUT /api/v1/notes HTTP/1.1" 202 186 "-" "-"

info: ::1 - - [30/Jan/2024:09:42:15 +0000] "GET /api/v1/notes HTTP/1.1" 201 60 "-" "-"

info: ::1 - - [30/Jan/2024:09:42:53 +0000] "POST /api/v1/notes HTTP/1.1" 201 306 "-" "-"

info: ::1 - - [30/Jan/2024:09:43:15 +0000] "GET /api/v1/notes HTTP/1.1" 201 307 "-" "-"

info: ::1 - - [30/Jan/2024:09:48:49 +0000] "PUT /api/v1/notes HTTP/1.1" 202 62 "-" "-"

info: ::1 - - [30/Jan/2024:09:51:51 +0000] "PUT /api/v1/notes HTTP/1.1" 500 66 "-" "-"

info: ::1 - - [30/Jan/2024:09:54:37 +0000] "PUT /api/v1/notes HTTP/1.1" 404 47 "-" "-"

info: ::1 - - [30/Jan/2024:09:56:32 +0000] "PUT /api/v1/notes/65b8ae9612b17c39dc9c4ce9 HTTP/1.1" 404 47 "-" "-"

info: ::1 - - [30/Jan/2024:09:56:35 +0000] "PUT /api/v1/notes/65b8ae9612b17c39dc9c4ce9 HTTP/1.1" 404 47 "-" "-"

info: ::1 - - [30/Jan/2024:09:57:20 +0000] "PUT /api/v1/notes HTTP/1.1" 500 66 "-" "-"

info: ::1 - - [30/Jan/2024:09:59:46 +0000] "PUT /api/v1/notes HTTP/1.1" 500 66 "-" "-"

info: ::1 - - [30/Jan/2024:10:00:15 +0000] "PUT /api/v1/notes HTTP/1.1" 500 66 "-" "-"

info: ::1 - - [30/Jan/2024:10:00:37 +0000] "GET /api/v1/notes HTTP/1.1" 201 60 "-" "-"

info: ::1 - - [30/Jan/2024:10:08:20 +0000] "PUT /api/v1/notes HTTP/1.1" 500 66 "-" "-"

info: ::1 - - [30/Jan/2024:10:09:37 +0000] "PUT /api/v1/notes HTTP/1.1" 500 81 "-" "-"

info: ::1 - - [30/Jan/2024:10:14:01 +0000] "GET /api/v1/notes HTTP/1.1" 201 556 "-" "-"

info: ::1 - - [30/Jan/2024:10:18:12 +0000] "GET /api/v1/notes/65b8ae9612b17c39dc9c4ce9 HTTP/1.1" 201 306 "-" "-"

info: ::1 - - [30/Jan/2024:10:21:53 +0000] "PUT /api/v1/notes/65b8ae9612b17c39dc9c4ce9 HTTP/1.1" 202 305 "-" "-"

info: ::1 - - [30/Jan/2024:10:23:26 +0000] "PUT /api/v1/notes/65b8ae9612b17c39dc9c4ce9 HTTP/1.1" 500 156 "-" "-"

info: ::1 - - [30/Jan/2024:10:23:44 +0000] "PUT /api/v1/notes/65b8ae9612b17c39dc9c4ce9 HTTP/1.1" 500 53 "-" "-"

info: ::1 - - [30/Jan/2024:10:25:22 +0000] "PUT /api/v1/notes/65b8ae9612b17c39dc9c4ce9 HTTP/1.1" 202 305 "-" "-"

info: ::1 - - [30/Jan/2024:10:26:31 +0000] "PUT /api/v1/notes/65b8ae9612b17c39dc9c4ce9 HTTP/1.1" 202 263 "-" "-"

info: ::1 - - [30/Jan/2024:10:40:27 +0000] "POST /api/v1/notes/signin HTTP/1.1" 404 47 "-" "-"

info: ::1 - - [30/Jan/2024:10:40:40 +0000] "POST /api/v1/users/signin HTTP/1.1" 200 207 "-" "-"

info: ::1 - - [30/Jan/2024:10:41:55 +0000] "GET /api/v1/notes HTTP/1.1" 400 56 "-" "-"

info: ::1 - - [30/Jan/2024:10:42:05 +0000] "GET /api/v1/notes HTTP/1.1" 201 513 "-" "-"

info: ::1 - - [30/Jan/2024:15:41:33 +0000] "GET /api/v1/notes HTTP/1.1" 201 513 "-" "-"

info: ::1 - - [30/Jan/2024:15:41:58 +0000] "DELETE /api/v1/notes/65b8ae9612b17c39dc9c4ce9 HTTP/1.1" 200 60 "-" "-"

