info: ::1 - - [31/Jan/2024:10:50:53 +0000] "POST /api/v1/notes HTTP/1.1" 201 351 "-" "-"

info: ::1 - - [31/Jan/2024:10:51:25 +0000] "POST /api/v1/notes/65ba260dba9d551e9c043dcf HTTP/1.1" 404 47 "-" "-"

info: ::1 - - [31/Jan/2024:10:52:05 +0000] "POST /api/v1/notes//65ba260dba9d551e9c043dcf HTTP/1.1" 404 47 "-" "-"

info: ::1 - - [31/Jan/2024:10:52:12 +0000] "GET /api/v1/notes/65ba260dba9d551e9c043dcf HTTP/1.1" 201 350 "-" "-"

info: ::1 - - [31/Jan/2024:10:52:17 +0000] "GET /api/v1/notes/ HTTP/1.1" 201 647 "-" "-"

info: ::1 - - [31/Jan/2024:10:53:09 +0000] "PUT /api/v1/notes/65ba260dba9d551e9c043dcf HTTP/1.1" 202 364 "-" "-"

info: ::1 - - [31/Jan/2024:10:53:15 +0000] "GET /api/v1/notes/65ba260dba9d551e9c043dcf HTTP/1.1" 201 364 "-" "-"

info: ::1 - - [31/Jan/2024:10:53:34 +0000] "GET /api/v1/notes/65ba260dba9d551e9c043dcf HTTP/1.1" 201 364 "-" "-"

info: ::1 - - [31/Jan/2024:10:53:44 +0000] "POST /api/v1/notes/ HTTP/1.1" 201 365 "-" "-"

info: ::1 - - [31/Jan/2024:10:54:03 +0000] "GET /api/v1/notes/65ba26b8ba9d551e9c043dd6 HTTP/1.1" 201 364 "-" "-"

info: ::1 - - [31/Jan/2024:10:54:10 +0000] "DELETE /api/v1/notes/65ba26b8ba9d551e9c043dd6 HTTP/1.1" 200 60 "-" "-"

info: ::1 - - [31/Jan/2024:10:54:16 +0000] "GET /api/v1/notes/65ba26b8ba9d551e9c043dd6 HTTP/1.1" 201 62 "-" "-"

info: ::1 - - [31/Jan/2024:10:54:23 +0000] "GET /api/v1/notes/ HTTP/1.1" 201 661 "-" "-"

info: ::1 - - [31/Jan/2024:10:54:55 +0000] "PUT /api/v1/notes/65b8ae9612b17c39dc9c4ce9/archive HTTP/1.1" 500 88 "-" "-"

info: ::1 - - [31/Jan/2024:10:56:04 +0000] "PUT /api/v1/notes/65b8ae9612b17c39dc9c4ce9/archive HTTP/1.1" 500 88 "-" "-"

info: ::1 - - [31/Jan/2024:10:57:47 +0000] "PUT /api/v1/notes/65b8ae9612b17c39dc9c4ce9/archive HTTP/1.1" 500 88 "-" "-"

info: ::1 - - [31/Jan/2024:10:58:52 +0000] "PUT /api/v1/notes/65b8ae9612b17c39dc9c4ce9/archive HTTP/1.1" 500 88 "-" "-"

info: ::1 - - [31/Jan/2024:10:59:02 +0000] "PUT /api/v1/notes/65b8ae9612b17c39dc9c4ce9/trash HTTP/1.1" 500 85 "-" "-"

info: ::1 - - [31/Jan/2024:11:01:02 +0000] "PUT /api/v1/notes/65b8ae9612b17c39dc9c4ce9/trash HTTP/1.1" 500 49 "-" "-"

info: ::1 - - [31/Jan/2024:11:01:24 +0000] "PUT /api/v1/notes/65ba155a4d410928e4c1f6d6/trash HTTP/1.1" 202 355 "-" "-"

info: ::1 - - [31/Jan/2024:11:01:26 +0000] "PUT /api/v1/notes/65ba155a4d410928e4c1f6d6/trash HTTP/1.1" 202 354 "-" "-"

info: ::1 - - [31/Jan/2024:11:01:28 +0000] "PUT /api/v1/notes/65ba155a4d410928e4c1f6d6/trash HTTP/1.1" 202 355 "-" "-"

info: ::1 - - [31/Jan/2024:11:01:40 +0000] "PUT /api/v1/notes/65ba155a4d410928e4c1f6d6/archive%20 HTTP/1.1" 404 47 "-" "-"

info: ::1 - - [31/Jan/2024:11:01:56 +0000] "PUT /api/v1/notes/65ba155a4d410928e4c1f6d6/archive HTTP/1.1" 202 348 "-" "-"

info: ::1 - - [31/Jan/2024:11:01:58 +0000] "PUT /api/v1/notes/65ba155a4d410928e4c1f6d6/archive HTTP/1.1" 202 349 "-" "-"

info: ::1 - - [31/Jan/2024:11:01:58 +0000] "PUT /api/v1/notes/65ba155a4d410928e4c1f6d6/archive HTTP/1.1" 202 348 "-" "-"

info: ::1 - - [31/Jan/2024:11:01:59 +0000] "PUT /api/v1/notes/65ba155a4d410928e4c1f6d6/archive HTTP/1.1" 202 349 "-" "-"

info: ::1 - - [31/Jan/2024:11:09:30 +0000] "PUT /api/v1/notes/65ba155a4d410928e4c1f6d6/archive HTTP/1.1" 500 82 "-" "-"

info: ::1 - - [31/Jan/2024:11:11:53 +0000] "PUT /api/v1/notes/65ba155a4d410928e4c1f6d6/archive HTTP/1.1" 202 348 "-" "-"

info: ::1 - - [31/Jan/2024:11:11:56 +0000] "PUT /api/v1/notes/65ba155a4d410928e4c1f6d6/archive HTTP/1.1" 202 349 "-" "-"

info: ::1 - - [31/Jan/2024:11:11:57 +0000] "PUT /api/v1/notes/65ba155a4d410928e4c1f6d6/archive HTTP/1.1" 202 348 "-" "-"

info: ::1 - - [31/Jan/2024:11:12:02 +0000] "PUT /api/v1/notes/65ba155a4d410928e4c1f6d6/trash HTTP/1.1" 202 353 "-" "-"

info: ::1 - - [31/Jan/2024:11:12:03 +0000] "PUT /api/v1/notes/65ba155a4d410928e4c1f6d6/trash HTTP/1.1" 202 354 "-" "-"

info: ::1 - - [31/Jan/2024:11:12:04 +0000] "PUT /api/v1/notes/65ba155a4d410928e4c1f6d6/trash HTTP/1.1" 202 353 "-" "-"

info: ::1 - - [31/Jan/2024:11:12:47 +0000] "PUT /api/v1/notes/65ba155a4d410928e4c1f6d6/trash HTTP/1.1" 202 354 "-" "-"

info: ::1 - - [31/Jan/2024:11:12:50 +0000] "PUT /api/v1/notes/65ba155a4d410928e4c1f6d6/trash HTTP/1.1" 202 353 "-" "-"

info: ::1 - - [31/Jan/2024:11:12:51 +0000] "PUT /api/v1/notes/65ba155a4d410928e4c1f6d6/trash HTTP/1.1" 202 354 "-" "-"

info: ::1 - - [31/Jan/2024:11:13:06 +0000] "PUT /api/v1/notes/65ba155a4d410928e4c1f6d6/trash HTTP/1.1" 202 353 "-" "-"

info: ::1 - - [31/Jan/2024:11:13:08 +0000] "PUT /api/v1/notes/65ba155a4d410928e4c1f6d6/trash HTTP/1.1" 202 354 "-" "-"

info: ::1 - - [31/Jan/2024:11:13:09 +0000] "PUT /api/v1/notes/65ba155a4d410928e4c1f6d6/trash HTTP/1.1" 202 353 "-" "-"

info: ::1 - - [31/Jan/2024:11:13:10 +0000] "PUT /api/v1/notes/65ba155a4d410928e4c1f6d6/trash HTTP/1.1" 202 354 "-" "-"

info: ::1 - - [31/Jan/2024:11:13:42 +0000] "PUT /api/v1/notes/65ba155a4d410928e4c1f6d6/trash HTTP/1.1" 202 353 "-" "-"

info: ::1 - - [31/Jan/2024:11:13:44 +0000] "PUT /api/v1/notes/65ba155a4d410928e4c1f6d6/trash HTTP/1.1" 202 354 "-" "-"

info: ::1 - - [31/Jan/2024:11:13:45 +0000] "PUT /api/v1/notes/65ba155a4d410928e4c1f6d6/trash HTTP/1.1" 202 353 "-" "-"

info: ::1 - - [31/Jan/2024:11:14:14 +0000] "PUT /api/v1/notes/65ba155a4d410928e4c1f6d6/trash HTTP/1.1" 500 56 "-" "-"

info: ::1 - - [31/Jan/2024:11:14:41 +0000] "PUT /api/v1/notes/65ba155a4d410928e4c1f6d6/trash HTTP/1.1" 500 82 "-" "-"

info: ::1 - - [31/Jan/2024:11:15:28 +0000] "PUT /api/v1/notes/65ba155a4d410928e4c1f6d6/trash HTTP/1.1" 500 82 "-" "-"

info: ::1 - - [31/Jan/2024:11:15:29 +0000] "PUT /api/v1/notes/65ba155a4d410928e4c1f6d6/trash HTTP/1.1" 500 82 "-" "-"

info: ::1 - - [31/Jan/2024:11:16:05 +0000] "PUT /api/v1/notes/65ba155a4d410928e4c1f6d6/trash HTTP/1.1" 500 82 "-" "-"

info: ::1 - - [31/Jan/2024:11:16:06 +0000] "PUT /api/v1/notes/65ba155a4d410928e4c1f6d6/trash HTTP/1.1" 500 82 "-" "-"

