info: ::1 - - [25/Jan/2024:06:46:38 +0000] "GET /api/v1/ HTTP/1.1" 200 9 "-" "PostmanRuntime/7.36.1"

info: ::1 - - [25/Jan/2024:06:46:43 +0000] "GET /api/v1/ HTTP/1.1" 200 9 "-" "PostmanRuntime/7.36.1"

info: ::1 - - [25/Jan/2024:06:46:51 +0000] "GET /api/v1/users HTTP/1.1" 200 38398 "-" "PostmanRuntime/7.36.1"

info: ::1 - - [25/Jan/2024:07:00:41 +0000] "GET /api/v1/users HTTP/1.1" 200 183 "-" "PostmanRuntime/7.36.1"

info: ::1 - - [25/Jan/2024:07:02:32 +0000] "GET /api/v1/users HTTP/1.1" 404 47 "-" "PostmanRuntime/7.36.1"

info: ::1 - - [25/Jan/2024:07:02:39 +0000] "POST /api/v1/users HTTP/1.1" 201 262 "-" "PostmanRuntime/7.36.1"

info: ::1 - - [25/Jan/2024:07:06:47 +0000] "GET /api/v1/users HTTP/1.1" 201 262 "-" "PostmanRuntime/7.36.1"

info: ::1 - - [25/Jan/2024:07:07:03 +0000] "PUT /api/v1/users HTTP/1.1" 404 47 "-" "PostmanRuntime/7.36.1"

info: ::1 - - [25/Jan/2024:07:07:21 +0000] "POST /api/v1/users HTTP/1.1" 201 264 "-" "PostmanRuntime/7.36.1"

info: ::1 - - [25/Jan/2024:07:07:29 +0000] "GET /api/v1/users HTTP/1.1" 201 264 "-" "PostmanRuntime/7.36.1"

info: ::1 - - [25/Jan/2024:07:15:49 +0000] "GET /api/v1/users HTTP/1.1" 201 264 "-" "PostmanRuntime/7.36.1"

info: ::1 - - [25/Jan/2024:07:16:06 +0000] "PUT /api/v1/users/65b20aa5a2e56361cc5a228f HTTP/1.1" 201 262 "-" "PostmanRuntime/7.36.1"

info: ::1 - - [25/Jan/2024:07:16:12 +0000] "PUT /api/v1/users HTTP/1.1" 404 47 "-" "PostmanRuntime/7.36.1"

info: ::1 - - [25/Jan/2024:07:16:18 +0000] "POST /api/v1/users HTTP/1.1" 201 262 "-" "PostmanRuntime/7.36.1"

info: ::1 - - [25/Jan/2024:07:16:23 +0000] "GET /api/v1/users HTTP/1.1" 201 262 "-" "PostmanRuntime/7.36.1"

info: ::1 - - [25/Jan/2024:07:18:50 +0000] "PUT /api/v1/users HTTP/1.1" 404 47 "-" "PostmanRuntime/7.36.1"

info: ::1 - - [25/Jan/2024:07:18:58 +0000] "PUT /api/v1/users/65b0b8f7b74c18279ce955e1 HTTP/1.1" 500 114 "-" "PostmanRuntime/7.36.1"

info: ::1 - - [25/Jan/2024:07:19:09 +0000] "GET /api/v1/users/65b0b8f7b74c18279ce955e1 HTTP/1.1" 404 47 "-" "PostmanRuntime/7.36.1"

info: ::1 - - [25/Jan/2024:07:19:14 +0000] "GET /api/v1/users/ HTTP/1.1" 202 178 "-" "PostmanRuntime/7.36.1"

info: ::1 - - [25/Jan/2024:07:19:26 +0000] "PUT /api/v1/users/65b20b72e7aca70cc0d933a3 HTTP/1.1" 500 114 "-" "PostmanRuntime/7.36.1"

info: ::1 - - [25/Jan/2024:07:20:29 +0000] "PUT /api/v1/users/65b20b72e7aca70cc0d933a3 HTTP/1.1" 201 264 "-" "PostmanRuntime/7.36.1"

info: ::1 - - [25/Jan/2024:07:22:05 +0000] "PUT /api/v1/users/65b20b72e7aca70cc0d933a3 HTTP/1.1" 202 262 "-" "PostmanRuntime/7.36.1"

info: ::1 - - [25/Jan/2024:07:22:15 +0000] "GET /api/v1/users HTTP/1.1" 201 262 "-" "PostmanRuntime/7.36.1"

info: ::1 - - [25/Jan/2024:08:38:32 +0000] "POST /api/v1/users HTTP/1.1" 201 264 "-" "PostmanRuntime/7.36.1"

info: ::1 - - [25/Jan/2024:08:38:38 +0000] "GET /api/v1/users HTTP/1.1" 201 264 "-" "PostmanRuntime/7.36.1"

info: ::1 - - [25/Jan/2024:09:53:33 +0000] "GET /api/v1/ HTTP/1.1" 200 9 "-" "PostmanRuntime/7.36.1"

info: ::1 - - [25/Jan/2024:09:53:41 +0000] "GET /api/v1/users HTTP/1.1" 404 47 "-" "PostmanRuntime/7.36.1"

info: ::1 - - [25/Jan/2024:09:53:49 +0000] "GET /api/v1/users/ HTTP/1.1" 404 47 "-" "PostmanRuntime/7.36.1"

info: ::1 - - [25/Jan/2024:09:54:17 +0000] "GET /api/v1/users//signupdata HTTP/1.1" 201 264 "-" "PostmanRuntime/7.36.1"

info: ::1 - - [25/Jan/2024:09:54:53 +0000] "DELETE /api/v1/users/deleteuser HTTP/1.1" 500 75 "-" "PostmanRuntime/7.36.1"

info: ::1 - - [25/Jan/2024:09:55:36 +0000] "GET /api/v1/users/signupdata HTTP/1.1" 201 264 "-" "PostmanRuntime/7.36.1"

info: ::1 - - [25/Jan/2024:09:55:49 +0000] "DELETE /api/v1/users/65b23018faa12459546a4035 HTTP/1.1" 500 75 "-" "PostmanRuntime/7.36.1"

info: ::1 - - [25/Jan/2024:09:56:37 +0000] "DELETE /api/v1/users/65b23018faa12459546a4035 HTTP/1.1" 200 60 "-" "PostmanRuntime/7.36.1"

info: ::1 - - [25/Jan/2024:09:57:03 +0000] "GET /api/v1/users//signupdata HTTP/1.1" 201 264 "-" "PostmanRuntime/7.36.1"

info: ::1 - - [25/Jan/2024:09:57:09 +0000] "GET /api/v1/users/signupdata HTTP/1.1" 201 264 "-" "PostmanRuntime/7.36.1"

info: ::1 - - [25/Jan/2024:09:57:24 +0000] "DELETE /api/v1/users/65b23075151af155bc72b5e0 HTTP/1.1" 200 60 "-" "PostmanRuntime/7.36.1"

info: ::1 - - [25/Jan/2024:09:57:40 +0000] "GET /api/v1/users/signupdata HTTP/1.1" 201 264 "-" "PostmanRuntime/7.36.1"

info: ::1 - - [25/Jan/2024:09:59:16 +0000] "POST /api/v1/users/signup HTTP/1.1" 201 270 "-" "PostmanRuntime/7.36.1"

info: ::1 - - [25/Jan/2024:09:59:26 +0000] "GET /api/v1/users/signupdata HTTP/1.1" 201 270 "-" "PostmanRuntime/7.36.1"

info: ::1 - - [25/Jan/2024:10:00:58 +0000] "GET /api/v1/users/ HTTP/1.1" 404 47 "-" "PostmanRuntime/7.36.1"

info: ::1 - - [25/Jan/2024:10:03:48 +0000] "GET /api/v1/users/ HTTP/1.1" 200 4467 "-" "PostmanRuntime/7.36.1"

info: ::1 - - [25/Jan/2024:10:04:48 +0000] "GET /api/v1/users//allsigndata HTTP/1.1" 200 4467 "-" "PostmanRuntime/7.36.1"

info: ::1 - - [25/Jan/2024:10:05:42 +0000] "DELETE /api/v1/users/65b0b3a1c7c6c00af45f3f36 HTTP/1.1" 200 60 "-" "PostmanRuntime/7.36.1"

info: ::1 - - [25/Jan/2024:10:05:52 +0000] "GET /api/v1/users/ HTTP/1.1" 200 4331 "-" "PostmanRuntime/7.36.1"

info: ::1 - - [25/Jan/2024:10:09:09 +0000] "DELETE /api/v1/users/65b0b8f7b74c18279ce955e1 HTTP/1.1" 200 60 "-" "PostmanRuntime/7.36.1"

info: ::1 - - [25/Jan/2024:10:09:22 +0000] "DELETE /api/v1/users/65b1eb1c43e5d352ecbc6c6f HTTP/1.1" 200 60 "-" "PostmanRuntime/7.36.1"

info: ::1 - - [25/Jan/2024:10:09:39 +0000] "DELETE /api/v1/users/65b1ed239d1bd81e6cdaddb7 HTTP/1.1" 200 60 "-" "PostmanRuntime/7.36.1"

info: ::1 - - [25/Jan/2024:10:09:49 +0000] "DELETE /api/v1/users/65b20718357145639467d852 HTTP/1.1" 200 60 "-" "PostmanRuntime/7.36.1"

info: ::1 - - [25/Jan/2024:10:09:58 +0000] "DELETE /api/v1/users/65b2078f281a4427a08ae09a HTTP/1.1" 200 60 "-" "PostmanRuntime/7.36.1"

info: ::1 - - [25/Jan/2024:10:10:07 +0000] "DELETE /api/v1/users/65b20887c6867e61d4725a91 HTTP/1.1" 200 60 "-" "PostmanRuntime/7.36.1"

info: ::1 - - [25/Jan/2024:10:10:16 +0000] "DELETE /api/v1/users/65b208a9c6867e61d4725a93 HTTP/1.1" 200 60 "-" "PostmanRuntime/7.36.1"

info: ::1 - - [25/Jan/2024:10:10:25 +0000] "DELETE /api/v1/users/65b208b1c6867e61d4725a95 HTTP/1.1" 200 60 "-" "PostmanRuntime/7.36.1"

info: ::1 - - [25/Jan/2024:10:10:34 +0000] "DELETE /api/v1/users/65b20aa5a2e56361cc5a228f HTTP/1.1" 200 60 "-" "PostmanRuntime/7.36.1"

info: ::1 - - [25/Jan/2024:10:10:43 +0000] "DELETE /api/v1/users/65b20ab6a2e56361cc5a2291 HTTP/1.1" 200 60 "-" "PostmanRuntime/7.36.1"

info: ::1 - - [25/Jan/2024:10:10:51 +0000] "DELETE /api/v1/users/65b20ac2a2e56361cc5a2293 HTTP/1.1" 200 60 "-" "PostmanRuntime/7.36.1"

info: ::1 - - [25/Jan/2024:10:11:00 +0000] "DELETE /api/v1/users/65b20ac7a2e56361cc5a2295 HTTP/1.1" 200 60 "-" "PostmanRuntime/7.36.1"

info: ::1 - - [25/Jan/2024:10:11:08 +0000] "DELETE /api/v1/users/65b20b72e7aca70cc0d933a3 HTTP/1.1" 200 60 "-" "PostmanRuntime/7.36.1"

info: ::1 - - [25/Jan/2024:10:11:22 +0000] "DELETE /api/v1/users/65b20bbd363ecd43b0c5bfbb HTTP/1.1" 200 60 "-" "PostmanRuntime/7.36.1"

info: ::1 - - [25/Jan/2024:10:11:27 +0000] "DELETE /api/v1/users/ HTTP/1.1" 404 47 "-" "PostmanRuntime/7.36.1"

info: ::1 - - [25/Jan/2024:10:11:40 +0000] "GET /api/v1/users/ HTTP/1.1" 200 1730 "-" "PostmanRuntime/7.36.1"

info: ::1 - - [25/Jan/2024:10:13:08 +0000] "DELETE /api/v1/users/65b230fe151af155bc72b5e7 HTTP/1.1" 200 60 "-" "PostmanRuntime/7.36.1"

info: ::1 - - [25/Jan/2024:10:13:22 +0000] "DELETE /api/v1/users/65b230f4151af155bc72b5e5 HTTP/1.1" 200 60 "-" "PostmanRuntime/7.36.1"

info: ::1 - - [25/Jan/2024:10:13:29 +0000] "DELETE /api/v1/users/65b20c2627f9314c803e56bf HTTP/1.1" 200 60 "-" "PostmanRuntime/7.36.1"

info: ::1 - - [25/Jan/2024:10:13:38 +0000] "DELETE /api/v1/users/65b21e081914c262a4393139 HTTP/1.1" 200 60 "-" "PostmanRuntime/7.36.1"

info: ::1 - - [25/Jan/2024:10:13:48 +0000] "DELETE /api/v1/users/65b21e0e1914c262a439313b HTTP/1.1" 200 60 "-" "PostmanRuntime/7.36.1"

info: ::1 - - [25/Jan/2024:10:13:58 +0000] "DELETE /api/v1/users/65b22fc9db19914dcc99c188 HTTP/1.1" 200 60 "-" "PostmanRuntime/7.36.1"

info: ::1 - - [25/Jan/2024:10:14:09 +0000] "DELETE /api/v1/users/65b2306f151af155bc72b5de HTTP/1.1" 200 60 "-" "PostmanRuntime/7.36.1"

info: ::1 - - [25/Jan/2024:10:14:18 +0000] "DELETE /api/v1/users/65b23094151af155bc72b5e3 HTTP/1.1" 200 60 "-" "PostmanRuntime/7.36.1"

info: ::1 - - [25/Jan/2024:10:14:25 +0000] "GET /api/v1/users/ HTTP/1.1" 200 65 "-" "PostmanRuntime/7.36.1"

info: ::1 - - [25/Jan/2024:10:15:11 +0000] "POST /api/v1/users/signup HTTP/1.1" 201 267 "-" "PostmanRuntime/7.36.1"

info: ::1 - - [25/Jan/2024:10:15:18 +0000] "GET /api/v1/users/ HTTP/1.1" 200 274 "-" "PostmanRuntime/7.36.1"

info: ::1 - - [25/Jan/2024:10:17:33 +0000] "GET /api/v1/users/ HTTP/1.1" 200 274 "-" "PostmanRuntime/7.36.1"

info: ::1 - - [25/Jan/2024:10:18:44 +0000] "GET /api/v1/users/signin HTTP/1.1" 404 47 "-" "PostmanRuntime/7.36.1"

info: ::1 - - [25/Jan/2024:10:19:13 +0000] "GET /api/v1/users//signin HTTP/1.1" 404 47 "-" "PostmanRuntime/7.36.1"

info: ::1 - - [25/Jan/2024:10:20:40 +0000] "POST /api/v1/users/signin HTTP/1.1" 500 72 "-" "PostmanRuntime/7.36.1"

info: ::1 - - [25/Jan/2024:10:20:51 +0000] "POST /api/v1/users//signin HTTP/1.1" 500 72 "-" "PostmanRuntime/7.36.1"

info: ::1 - - [25/Jan/2024:10:21:18 +0000] "POST /api/v1/users//signin HTTP/1.1" 500 72 "-" "PostmanRuntime/7.36.1"

info: ::1 - - [25/Jan/2024:10:21:51 +0000] "POST /api/v1/signin HTTP/1.1" 404 47 "-" "PostmanRuntime/7.36.1"

info: ::1 - - [25/Jan/2024:10:21:59 +0000] "POST /api/v1/users/signin HTTP/1.1" 500 72 "-" "PostmanRuntime/7.36.1"

info: ::1 - - [25/Jan/2024:10:24:30 +0000] "GET /signup HTTP/1.1" 404 47 "-" "PostmanRuntime/7.36.1"

info: ::1 - - [25/Jan/2024:10:25:03 +0000] "GET /api/v1/users//signupdata HTTP/1.1" 201 226 "-" "PostmanRuntime/7.36.1"

info: ::1 - - [25/Jan/2024:10:26:56 +0000] "POST /api/v1/users//signupdata HTTP/1.1" 404 47 "-" "PostmanRuntime/7.36.1"

info: ::1 - - [25/Jan/2024:10:27:39 +0000] "POST /api/v1/users/ HTTP/1.1" 404 47 "-" "PostmanRuntime/7.36.1"

info: ::1 - - [25/Jan/2024:10:27:46 +0000] "GET /api/v1/users/ HTTP/1.1" 200 443 "-" "PostmanRuntime/7.36.1"

info: ::1 - - [25/Jan/2024:10:28:03 +0000] "DELETE /api/v1/users/65b236ff2c99cb5cd4254aaf HTTP/1.1" 200 60 "-" "PostmanRuntime/7.36.1"

info: ::1 - - [25/Jan/2024:10:28:21 +0000] "GET /api/v1/users/ HTTP/1.1" 200 274 "-" "PostmanRuntime/7.36.1"

info: ::1 - - [25/Jan/2024:10:38:31 +0000] "GET /api/v1/users/ HTTP/1.1" 200 274 "-" "PostmanRuntime/7.36.1"

info: ::1 - - [25/Jan/2024:10:54:30 +0000] "POST /api/v1/users//signin HTTP/1.1" 500 72 "-" "PostmanRuntime/7.36.1"

info: ::1 - - [25/Jan/2024:10:55:11 +0000] "POST /api/v1/users//signin HTTP/1.1" 500 72 "-" "PostmanRuntime/7.36.1"

info: ::1 - - [25/Jan/2024:10:55:30 +0000] "POST /api/v1/users//signin HTTP/1.1" 500 72 "-" "PostmanRuntime/7.36.1"

info: ::1 - - [25/Jan/2024:10:55:39 +0000] "POST /api/v1/users/signin HTTP/1.1" 500 72 "-" "PostmanRuntime/7.36.1"

info: ::1 - - [25/Jan/2024:11:00:13 +0000] "GET /api/v1/ HTTP/1.1" 200 9 "-" "Mozilla/5.0 (Windows NT 10.0; Win64; x64) AppleWebKit/537.36 (KHTML, like Gecko) Chrome/120.0.0.0 Safari/537.36"

info: ::1 - - [25/Jan/2024:11:00:13 +0000] "GET /favicon.ico HTTP/1.1" 404 47 "-" "Mozilla/5.0 (Windows NT 10.0; Win64; x64) AppleWebKit/537.36 (KHTML, like Gecko) Chrome/120.0.0.0 Safari/537.36"

info: ::1 - - [25/Jan/2024:11:01:07 +0000] "GET /api/v1/signin HTTP/1.1" 404 47 "-" "Mozilla/5.0 (Windows NT 10.0; Win64; x64) AppleWebKit/537.36 (KHTML, like Gecko) Chrome/120.0.0.0 Safari/537.36"

info: ::1 - - [25/Jan/2024:11:01:23 +0000] "GET /api/v1/users/signin HTTP/1.1" 404 47 "-" "Mozilla/5.0 (Windows NT 10.0; Win64; x64) AppleWebKit/537.36 (KHTML, like Gecko) Chrome/120.0.0.0 Safari/537.36"

info: ::1 - - [25/Jan/2024:11:01:33 +0000] "GET /api/v1/users/signin HTTP/1.1" 404 47 "-" "Mozilla/5.0 (Windows NT 10.0; Win64; x64) AppleWebKit/537.36 (KHTML, like Gecko) Chrome/120.0.0.0 Safari/537.36"

info: ::1 - - [25/Jan/2024:11:01:35 +0000] "GET /api/v1/users/signin HTTP/1.1" 404 47 "-" "Mozilla/5.0 (Windows NT 10.0; Win64; x64) AppleWebKit/537.36 (KHTML, like Gecko) Chrome/120.0.0.0 Safari/537.36"

info: ::1 - - [25/Jan/2024:11:01:41 +0000] "GET /api/v1/users/ HTTP/1.1" 200 274 "-" "Mozilla/5.0 (Windows NT 10.0; Win64; x64) AppleWebKit/537.36 (KHTML, like Gecko) Chrome/120.0.0.0 Safari/537.36"

info: ::1 - - [25/Jan/2024:11:02:08 +0000] "GET /api/v1/users/signin HTTP/1.1" 404 47 "-" "Mozilla/5.0 (Windows NT 10.0; Win64; x64) AppleWebKit/537.36 (KHTML, like Gecko) Chrome/120.0.0.0 Safari/537.36"

info: ::1 - - [25/Jan/2024:11:02:44 +0000] "POST /api/v1/users/signin HTTP/1.1" 500 56 "-" "PostmanRuntime/7.36.1"

info: ::1 - - [25/Jan/2024:11:06:27 +0000] "POST /api/v1/users/ HTTP/1.1" 404 47 "-" "PostmanRuntime/7.36.1"

info: ::1 - - [25/Jan/2024:11:06:32 +0000] "GET /api/v1/users/ HTTP/1.1" 200 274 "-" "PostmanRuntime/7.36.1"

info: ::1 - - [25/Jan/2024:11:09:31 +0000] "POST /api/v1/users/signin HTTP/1.1" 401 26 "-" "PostmanRuntime/7.36.1"

info: ::1 - - [25/Jan/2024:11:09:56 +0000] "POST /api/v1/users/signin HTTP/1.1" 401 26 "-" "PostmanRuntime/7.36.1"

info: ::1 - - [25/Jan/2024:11:10:01 +0000] "POST /api/v1/users/signin HTTP/1.1" 500 56 "-" "PostmanRuntime/7.36.1"

info: ::1 - - [25/Jan/2024:11:16:27 +0000] "POST /api/v1/users/signin HTTP/1.1" 201 206 "-" "PostmanRuntime/7.36.1"

info: ::1 - - [25/Jan/2024:11:16:48 +0000] "POST /api/v1/users/ HTTP/1.1" 404 47 "-" "PostmanRuntime/7.36.1"

info: ::1 - - [25/Jan/2024:11:16:50 +0000] "POST /api/v1/users HTTP/1.1" 404 47 "-" "PostmanRuntime/7.36.1"

info: ::1 - - [25/Jan/2024:11:16:55 +0000] "GET /api/v1/users HTTP/1.1" 200 423 "-" "PostmanRuntime/7.36.1"

info: ::1 - - [25/Jan/2024:11:17:09 +0000] "DELETE /api/v1/users/65b2430bc28e0722c85998d0 HTTP/1.1" 200 60 "-" "PostmanRuntime/7.36.1"

info: ::1 - - [25/Jan/2024:11:17:17 +0000] "GET /api/v1/users/ HTTP/1.1" 200 274 "-" "PostmanRuntime/7.36.1"

info: ::1 - - [25/Jan/2024:11:18:28 +0000] "POST /api/v1/users/signin HTTP/1.1" 201 207 "-" "PostmanRuntime/7.36.1"

info: ::1 - - [25/Jan/2024:11:20:09 +0000] "POST /api/v1/users/signin HTTP/1.1" 500 56 "-" "PostmanRuntime/7.36.1"

info: ::1 - - [25/Jan/2024:11:21:00 +0000] "POST /api/v1/users/signin HTTP/1.1" - - "-" "PostmanRuntime/7.36.1"

info: ::1 - - [25/Jan/2024:11:21:01 +0000] "GET /api/v1/users/ HTTP/1.1" 200 424 "-" "PostmanRuntime/7.36.1"

info: ::1 - - [25/Jan/2024:11:21:15 +0000] "DELETE /api/v1/users/65b243843962bf120833ea95 HTTP/1.1" 200 60 "-" "PostmanRuntime/7.36.1"

info: ::1 - - [25/Jan/2024:11:21:22 +0000] "GET /api/v1/users/ HTTP/1.1" 200 274 "-" "PostmanRuntime/7.36.1"

info: ::1 - - [25/Jan/2024:11:29:40 +0000] "POST /api/v1/users/signin HTTP/1.1" - - "-" "PostmanRuntime/7.36.1"

info: ::1 - - [25/Jan/2024:11:38:06 +0000] "POST /api/v1/users/signup HTTP/1.1" 201 265 "-" "PostmanRuntime/7.36.1"

info: ::1 - - [25/Jan/2024:11:41:25 +0000] "POST /api/v1/users/signin HTTP/1.1" 401 26 "-" "PostmanRuntime/7.36.1"

info: ::1 - - [25/Jan/2024:11:46:35 +0000] "POST /api/v1/users/signin HTTP/1.1" 200 30 "-" "PostmanRuntime/7.36.1"

info: ::1 - - [25/Jan/2024:11:57:10 +0000] "POST /api/v1/users/signin HTTP/1.1" 500 75 "-" "PostmanRuntime/7.36.1"

info: ::1 - - [25/Jan/2024:11:58:21 +0000] "POST /api/v1/users/signin HTTP/1.1" 500 75 "-" "PostmanRuntime/7.36.1"

info: ::1 - - [25/Jan/2024:11:58:25 +0000] "POST /api/v1/users/signin HTTP/1.1" 500 75 "-" "PostmanRuntime/7.36.1"

info: ::1 - - [25/Jan/2024:11:59:13 +0000] "POST /api/v1/users/signin HTTP/1.1" 500 88 "-" "PostmanRuntime/7.36.1"

info: ::1 - - [25/Jan/2024:11:59:52 +0000] "POST /api/v1/users/ HTTP/1.1" 404 47 "-" "PostmanRuntime/7.36.1"

info: ::1 - - [25/Jan/2024:12:00:02 +0000] "POST /api/v1/users/signin HTTP/1.1" 500 88 "-" "PostmanRuntime/7.36.1"

info: ::1 - - [25/Jan/2024:12:00:55 +0000] "POST /api/v1/users/signin HTTP/1.1" 500 88 "-" "PostmanRuntime/7.36.1"

info: ::1 - - [25/Jan/2024:12:01:37 +0000] "POST /api/v1/users/signin HTTP/1.1" 200 53 "-" "PostmanRuntime/7.36.1"

info: ::1 - - [25/Jan/2024:12:02:03 +0000] "POST /api/v1/users/signin HTTP/1.1" 500 54 "-" "PostmanRuntime/7.36.1"

info: ::1 - - [25/Jan/2024:12:02:37 +0000] "POST /api/v1/users/signin HTTP/1.1" 200 260 "-" "PostmanRuntime/7.36.1"

info: ::1 - - [29/Jan/2024:04:54:18 +0000] "POST /api/v1/ HTTP/1.1" 404 47 "-" "PostmanRuntime/7.36.1"

info: ::1 - - [29/Jan/2024:04:54:25 +0000] "POST /api/v1/users HTTP/1.1" 404 47 "-" "PostmanRuntime/7.36.1"

info: ::1 - - [29/Jan/2024:04:54:33 +0000] "POST /api/v1/users/ HTTP/1.1" 404 47 "-" "PostmanRuntime/7.36.1"

info: ::1 - - [29/Jan/2024:04:54:47 +0000] "POST /api/v1/users/signin HTTP/1.1" 200 260 "-" "PostmanRuntime/7.36.1"

info: ::1 - - [29/Jan/2024:05:01:29 +0000] "POST /api/v1/users/signin HTTP/1.1" 200 260 "-" "PostmanRuntime/7.36.1"

info: ::1 - - [29/Jan/2024:05:06:20 +0000] "POST /api/v1/users/signin HTTP/1.1" 200 60 "-" "PostmanRuntime/7.36.1"

info: ::1 - - [29/Jan/2024:05:07:52 +0000] "POST /api/v1/users/signin HTTP/1.1" 200 260 "-" "PostmanRuntime/7.36.1"

info: ::1 - - [29/Jan/2024:05:08:07 +0000] "POST /api/v1/users/signin HTTP/1.1" 500 54 "-" "PostmanRuntime/7.36.1"

info: ::1 - - [29/Jan/2024:05:08:21 +0000] "POST /api/v1/users/signin HTTP/1.1" 200 102 "-" "PostmanRuntime/7.36.1"

info: ::1 - - [29/Jan/2024:05:09:11 +0000] "POST /api/v1/users/signin HTTP/1.1" 200 260 "-" "PostmanRuntime/7.36.1"

info: ::1 - - [29/Jan/2024:05:12:21 +0000] "POST /api/v1/users/signin HTTP/1.1" 500 48 "-" "PostmanRuntime/7.36.1"

info: ::1 - - [29/Jan/2024:05:12:30 +0000] "POST /api/v1/users/signin HTTP/1.1" 500 51 "-" "PostmanRuntime/7.36.1"

info: ::1 - - [29/Jan/2024:05:12:35 +0000] "POST /api/v1/users/signin HTTP/1.1" 200 260 "-" "PostmanRuntime/7.36.1"

info: ::1 - - [29/Jan/2024:05:14:55 +0000] "POST /api/v1/users/signin HTTP/1.1" 200 43 "-" "PostmanRuntime/7.36.1"

info: ::1 - - [29/Jan/2024:05:15:20 +0000] "POST /api/v1/users/signin HTTP/1.1" 500 51 "-" "PostmanRuntime/7.36.1"

info: ::1 - - [29/Jan/2024:05:15:29 +0000] "POST /api/v1/users/signin HTTP/1.1" 500 48 "-" "PostmanRuntime/7.36.1"

info: ::1 - - [29/Jan/2024:05:39:41 +0000] "POST /api/v1/users/signin HTTP/1.1" 200 260 "-" "PostmanRuntime/7.36.1"

info: ::1 - - [29/Jan/2024:05:39:52 +0000] "POST /api/v1/users/signin HTTP/1.1" 500 48 "-" "PostmanRuntime/7.36.1"

info: ::1 - - [29/Jan/2024:05:40:35 +0000] "POST /api/v1/users/signin HTTP/1.1" 500 51 "-" "PostmanRuntime/7.36.1"

info: ::1 - - [29/Jan/2024:05:42:08 +0000] "POST /api/v1/users/signup HTTP/1.1" 500 48 "-" "PostmanRuntime/7.36.1"

info: ::1 - - [29/Jan/2024:05:42:33 +0000] "POST /api/v1/users//signup HTTP/1.1" 500 48 "-" "PostmanRuntime/7.36.1"

info: ::1 - - [29/Jan/2024:05:43:47 +0000] "POST /api/v1/users//signup HTTP/1.1" 201 268 "-" "PostmanRuntime/7.36.1"

info: ::1 - - [29/Jan/2024:05:43:54 +0000] "POST /api/v1/users//signup HTTP/1.1" 201 268 "-" "PostmanRuntime/7.36.1"

info: ::1 - - [29/Jan/2024:07:23:50 +0000] "POST /api/v1/users//signup HTTP/1.1" 201 268 "-" "PostmanRuntime/7.36.1"

info: ::1 - - [29/Jan/2024:07:24:06 +0000] "POST /api/v1/users//signup HTTP/1.1" 201 268 "-" "PostmanRuntime/7.36.1"

info: ::1 - - [29/Jan/2024:07:30:35 +0000] "POST /api/v1/users//signup HTTP/1.1" 201 268 "-" "PostmanRuntime/7.36.1"

info: ::1 - - [29/Jan/2024:07:30:46 +0000] "POST /api/v1/users//signup HTTP/1.1" 201 268 "-" "PostmanRuntime/7.36.1"

info: ::1 - - [29/Jan/2024:07:32:51 +0000] "POST /api/v1/users//signup HTTP/1.1" 201 268 "-" "PostmanRuntime/7.36.1"

info: ::1 - - [29/Jan/2024:07:32:57 +0000] "POST /api/v1/users//signup HTTP/1.1" 500 54 "-" "PostmanRuntime/7.36.1"

info: ::1 - - [29/Jan/2024:07:35:45 +0000] "POST /api/v1/users//signup HTTP/1.1" 500 70 "-" "PostmanRuntime/7.36.1"

info: ::1 - - [29/Jan/2024:07:38:10 +0000] "POST /api/v1/users//signup HTTP/1.1" 500 70 "-" "PostmanRuntime/7.36.1"

info: ::1 - - [29/Jan/2024:07:38:23 +0000] "POST /api/v1/users//signup HTTP/1.1" 201 269 "-" "PostmanRuntime/7.36.1"

info: ::1 - - [29/Jan/2024:09:31:44 +0000] "POST /api/v1/users//signup HTTP/1.1" 500 56 "-" "PostmanRuntime/7.36.1"

info: ::1 - - [29/Jan/2024:09:48:45 +0000] "POST /api/v1/users//signup HTTP/1.1" 500 74 "-" "PostmanRuntime/7.36.1"

info: ::1 - - [29/Jan/2024:09:53:02 +0000] "POST /api/v1/users//signup HTTP/1.1" 201 317 "-" "PostmanRuntime/7.36.1"

info: ::1 - - [29/Jan/2024:09:54:12 +0000] "POST /api/v1/users//signup HTTP/1.1" 500 70 "-" "PostmanRuntime/7.36.1"

info: ::1 - - [29/Jan/2024:09:54:22 +0000] "POST /api/v1/users//signup HTTP/1.1" 201 324 "-" "PostmanRuntime/7.36.1"

info: ::1 - - [29/Jan/2024:09:56:09 +0000] "POST /api/v1/users//signin HTTP/1.1" 500 51 "-" "PostmanRuntime/7.36.1"

info: ::1 - - [29/Jan/2024:09:56:32 +0000] "POST /api/v1/users//signin HTTP/1.1" 500 51 "-" "PostmanRuntime/7.36.1"

info: ::1 - - [29/Jan/2024:09:56:39 +0000] "POST /api/v1/users//signin HTTP/1.1" 200 260 "-" "PostmanRuntime/7.36.1"

info: ::1 - - [29/Jan/2024:09:57:20 +0000] "POST /api/v1/users//signup HTTP/1.1" 201 322 "-" "PostmanRuntime/7.36.1"

info: ::1 - - [29/Jan/2024:09:57:34 +0000] "POST /api/v1/users//signup HTTP/1.1" 500 70 "-" "PostmanRuntime/7.36.1"

info: ::1 - - [29/Jan/2024:09:57:38 +0000] "POST /api/v1/users//signin HTTP/1.1" 500 51 "-" "PostmanRuntime/7.36.1"

info: ::1 - - [29/Jan/2024:09:58:03 +0000] "POST /api/v1/users//signin HTTP/1.1" 200 315 "-" "PostmanRuntime/7.36.1"

info: ::1 - - [29/Jan/2024:10:04:30 +0000] "POST /api/v1/users/signin HTTP/1.1" 500 51 "-" "PostmanRuntime/7.36.1"

info: ::1 - - [29/Jan/2024:10:04:37 +0000] "POST /api/v1/users/signin HTTP/1.1" 200 260 "-" "PostmanRuntime/7.36.1"

info: ::1 - - [29/Jan/2024:10:04:59 +0000] "POST /api/v1/users/signin HTTP/1.1" 500 51 "-" "PostmanRuntime/7.36.1"

info: ::1 - - [29/Jan/2024:10:14:10 +0000] "POST /api/v1/users/signin HTTP/1.1" 500 54 "-" "PostmanRuntime/7.36.1"

info: ::1 - - [29/Jan/2024:10:15:07 +0000] "POST /api/v1/users/signin HTTP/1.1" 500 54 "-" "PostmanRuntime/7.36.1"

info: ::1 - - [29/Jan/2024:10:15:20 +0000] "POST /api/v1/users/signin HTTP/1.1" 500 48 "-" "PostmanRuntime/7.36.1"

info: ::1 - - [29/Jan/2024:10:15:39 +0000] "POST /api/v1/users/signin HTTP/1.1" 500 54 "-" "PostmanRuntime/7.36.1"

info: ::1 - - [29/Jan/2024:10:16:12 +0000] "POST /api/v1/users/signin HTTP/1.1" 500 54 "-" "PostmanRuntime/7.36.1"

info: ::1 - - [29/Jan/2024:10:17:33 +0000] "POST /api/v1/users/signin HTTP/1.1" 500 64 "-" "PostmanRuntime/7.36.1"

info: ::1 - - [29/Jan/2024:10:20:51 +0000] "POST /api/v1/users/signin HTTP/1.1" 500 64 "-" "PostmanRuntime/7.36.1"

info: ::1 - - [29/Jan/2024:10:21:17 +0000] "POST /api/v1/users/signin HTTP/1.1" 500 64 "-" "PostmanRuntime/7.36.1"

info: ::1 - - [29/Jan/2024:10:21:46 +0000] "POST /api/v1/users/signin HTTP/1.1" 500 64 "-" "PostmanRuntime/7.36.1"

info: ::1 - - [29/Jan/2024:10:22:48 +0000] "POST /api/v1/users/signin HTTP/1.1" 500 64 "-" "PostmanRuntime/7.36.1"

info: ::1 - - [29/Jan/2024:10:25:11 +0000] "POST /api/v1/users/signin HTTP/1.1" 500 51 "-" "PostmanRuntime/7.36.1"

info: ::1 - - [29/Jan/2024:10:30:15 +0000] "POST /api/v1/users/signin HTTP/1.1" 500 60 "-" "PostmanRuntime/7.36.1"

info: ::1 - - [29/Jan/2024:10:32:22 +0000] "POST /api/v1/users/signin HTTP/1.1" 500 67 "-" "PostmanRuntime/7.36.1"

info: ::1 - - [29/Jan/2024:10:36:59 +0000] "POST /api/v1/users/signin HTTP/1.1" 500 51 "-" "PostmanRuntime/7.36.1"

info: ::1 - - [29/Jan/2024:10:40:13 +0000] "POST /api/v1/users/signup HTTP/1.1" 201 318 "-" "PostmanRuntime/7.36.1"

info: ::1 - - [29/Jan/2024:10:41:20 +0000] "POST /api/v1/users//signin HTTP/1.1" 500 60 "-" "PostmanRuntime/7.36.1"

info: ::1 - - [29/Jan/2024:10:42:21 +0000] "POST /api/v1/users//signin HTTP/1.1" 200 43 "-" "PostmanRuntime/7.36.1"

info: ::1 - - [29/Jan/2024:10:43:23 +0000] "POST /api/v1/users/signup HTTP/1.1" 201 322 "-" "PostmanRuntime/7.36.1"

info: ::1 - - [29/Jan/2024:10:43:47 +0000] "POST /api/v1/users//signin HTTP/1.1" 200 43 "-" "PostmanRuntime/7.36.1"

info: ::1 - - [29/Jan/2024:10:44:48 +0000] "POST /api/v1/users//signin HTTP/1.1" 200 100 "-" "PostmanRuntime/7.36.1"

info: ::1 - - [29/Jan/2024:10:45:56 +0000] "POST /api/v1/users//signin HTTP/1.1" 200 315 "-" "PostmanRuntime/7.36.1"

info: ::1 - - [29/Jan/2024:10:51:19 +0000] "POST /api/v1/users//signin HTTP/1.1" 200 315 "-" "PostmanRuntime/7.36.1"

info: ::1 - - [29/Jan/2024:10:59:41 +0000] "POST /api/v1/users//signin HTTP/1.1" 500 48 "-" "PostmanRuntime/7.36.1"

info: ::1 - - [29/Jan/2024:10:59:53 +0000] "POST /api/v1/users//signin HTTP/1.1" 500 51 "-" "PostmanRuntime/7.36.1"

info: ::1 - - [29/Jan/2024:11:00:41 +0000] "POST /api/v1/users//signin HTTP/1.1" 200 311 "-" "PostmanRuntime/7.36.1"

info: ::1 - - [29/Jan/2024:11:25:16 +0000] "GET /LOxQBc4Imxs97U.AbfQDGuq HTTP/1.1" 404 47 "-" "Mozilla/5.0 (Windows NT 10.0; Win64; x64) AppleWebKit/537.36 (KHTML, like Gecko) Chrome/120.0.0.0 Safari/537.36"

info: ::1 - - [29/Jan/2024:11:25:16 +0000] "GET /favicon.ico HTTP/1.1" 404 47 "-" "Mozilla/5.0 (Windows NT 10.0; Win64; x64) AppleWebKit/537.36 (KHTML, like Gecko) Chrome/120.0.0.0 Safari/537.36"

info: ::1 - - [29/Jan/2024:11:25:18 +0000] "GET /LOxQBc4Imxs97U.AbfQDGuq HTTP/1.1" 404 47 "-" "Mozilla/5.0 (Windows NT 10.0; Win64; x64) AppleWebKit/537.36 (KHTML, like Gecko) Chrome/120.0.0.0 Safari/537.36"

